<?xml version="1.0" encoding="utf-8"?><testsuites name="pytest tests"><testsuite name="pytest" errors="0" failures="0" skipped="0" tests="23" time="17.654" timestamp="2026-07-05T09:10:10.846477+00:00" hostname="agent-env-b4725f63-b087-4ce0-93f8-06ee85ff00fc"><testcase classname="backend.tests.backend_test.TestAuth" name="test_login_success" time="0.437" /><testcase classname="backend.tests.backend_test.TestAuth" name="test_login_invalid" time="0.267" /><testcase classname="backend.tests.backend_test.TestAuth" name="test_me_with_valid_token" time="0.308" /><testcase classname="backend.tests.backend_test.TestAuth" name="test_me_without_token" time="0.044" /><testcase classname="backend.tests.backend_test.TestUsers" name="test_admin_can_create_worker" time="0.266" /><testcase classname="backend.tests.backend_test.TestUsers" name="test_worker_login" time="0.265" /><testcase classname="backend.tests.backend_test.TestUsers" name="test_list_users_persists_worker" time="0.043" /><testcase classname="backend.tests.backend_test.TestUsers" name="test_update_worker" time="0.043" /><testcase classname="backend.tests.backend_test.TestUsers" name="test_worker_forbidden_on_users_list" time="0.042" /><testcase classname="backend.tests.backend_test.TestUsers" name="test_worker_forbidden_on_user_create" time="0.082" /><testcase classname="backend.tests.backend_test.TestWorkOrders" name="test_admin_can_create_order" time="0.054" /><testcase classname="backend.tests.backend_test.TestWorkOrders" name="test_worker_sees_only_assigned" time="0.043" /><testcase classname="backend.tests.backend_test.TestWorkOrders" name="test_worker_forbidden_to_create_order" time="0.082" /><testcase classname="backend.tests.backend_test.TestEvents" name="test_start_event" time="0.101" /><testcase classname="backend.tests.backend_test.TestEvents" name="test_pause_event_has_ai_interpretation" time="1.858" /><testcase classname="backend.tests.backend_test.TestEvents" name="test_resume_event" time="0.129" /><testcase classname="backend.tests.backend_test.TestEvents" name="test_complete_event" time="0.167" /><testcase classname="backend.tests.backend_test.TestEvents" name="test_list_events_ordered" time="0.045" /><testcase classname="backend.tests.backend_test.TestLiveAndReports" name="test_live_status_contains_worker" time="0.135" /><testcase classname="backend.tests.backend_test.TestLiveAndReports" name="test_workers_forbidden_from_live_status" time="0.042" /><testcase classname="backend.tests.backend_test.TestLiveAndReports" name="test_daily_report_ai" time="12.941" /><testcase classname="backend.tests.backend_test.TestLiveAndReports" name="test_recent_events" time="0.046" /><testcase classname="backend.tests.backend_test.TestZCleanup" name="test_cleanup_orders_and_worker" time="0.125" /></testsuite></testsuites>