<?xml version="1.0" encoding="utf-8"?><testsuites name="pytest tests"><testsuite name="pytest" errors="0" failures="0" skipped="0" tests="7" time="45.686" timestamp="2026-07-05T13:21:39.044641+00:00" hostname="agent-env-b4725f63-b087-4ce0-93f8-06ee85ff00fc"><testcase classname="backend.tests.test_reports.TestReportSchema" name="test_daily_report_default_returns_new_schema" time="15.753" /><testcase classname="backend.tests.test_reports.TestReportSchema" name="test_worker_role_forbidden" time="1.179" /><testcase classname="backend.tests.test_reports.TestReportDate" name="test_past_date_no_events_returns_empty" time="0.049" /><testcase classname="backend.tests.test_reports.TestReportDate" name="test_bad_date_returns_400" time="0.050" /><testcase classname="backend.tests.test_reports.TestReportWorkerFilter" name="test_empty_worker_ids_means_all" time="12.726" /><testcase classname="backend.tests.test_reports.TestReportWorkerFilter" name="test_filter_by_specific_worker" time="8.087" /><testcase classname="backend.tests.test_reports.TestReportMinutes" name="test_minutes_worked_across_pause_resume" time="7.763" /></testsuite></testsuites>