<?xml version="1.0" encoding="utf-8"?><testsuites name="pytest tests"><testsuite name="pytest" errors="0" failures="0" skipped="0" tests="39" time="29.140" timestamp="2026-07-05T13:05:08.362179+00:00" hostname="agent-env-b4725f63-b087-4ce0-93f8-06ee85ff00fc"><testcase classname="backend.tests.test_voice_ai.TestVisionPlate" name="test_plate_ocr_non_plate_image_does_not_500" time="5.128" /><testcase classname="backend.tests.test_voice_ai.TestVisionPlate" name="test_plate_ocr_requires_auth" time="0.152" /><testcase classname="backend.tests.test_voice_ai.TestAudioTranscribe" name="test_transcribe_accepts_multipart" time="0.550" /><testcase classname="backend.tests.test_voice_ai.TestAudioTranscribe" name="test_transcribe_requires_auth" time="0.094" /><testcase classname="backend.tests.test_voice_ai.TestVoiceTurn" name="test_first_turn_populates_scheda" time="4.047" /><testcase classname="backend.tests.test_voice_ai.TestVoiceTurn" name="test_second_turn_merges_not_overwrites" time="2.778" /><testcase classname="backend.tests.test_voice_ai.TestVoiceTurn" name="test_get_conversation_returns_turns_and_scheda" time="0.132" /><testcase classname="backend.tests.test_voice_ai.TestVoiceTurn" name="test_other_worker_cannot_post_voice_turn" time="0.826" /><testcase classname="backend.tests.test_voice_ai.TestVoiceTurn" name="test_other_worker_cannot_get_conversation" time="0.099" /><testcase classname="backend.tests.test_voice_ai.TestVoiceTurn" name="test_empty_text_400" time="0.102" /><testcase classname="backend.tests.test_voice_ai.TestVoiceTurn" name="test_voice_turn_nonexistent_order_404" time="0.138" /><testcase classname="backend.tests.test_voice_ai.TestRegression" name="test_login_admin" time="0.317" /><testcase classname="backend.tests.test_voice_ai.TestRegression" name="test_users_list" time="0.093" /><testcase classname="backend.tests.test_voice_ai.TestRegression" name="test_work_orders_list" time="0.108" /><testcase classname="backend.tests.test_voice_ai.TestRegression" name="test_live_status" time="0.095" /><testcase classname="backend.tests.test_voice_ai.TestRegression" name="test_recent_events" time="0.396" /><testcase classname="backend.tests.backend_test.TestAuth" name="test_login_success" time="0.336" /><testcase classname="backend.tests.backend_test.TestAuth" name="test_login_invalid" time="0.272" /><testcase classname="backend.tests.backend_test.TestAuth" name="test_me_with_valid_token" time="0.321" /><testcase classname="backend.tests.backend_test.TestAuth" name="test_me_without_token" time="0.052" /><testcase classname="backend.tests.backend_test.TestUsers" name="test_admin_can_create_worker" time="0.271" /><testcase classname="backend.tests.backend_test.TestUsers" name="test_worker_login" time="0.272" /><testcase classname="backend.tests.backend_test.TestUsers" name="test_list_users_persists_worker" time="0.051" /><testcase classname="backend.tests.backend_test.TestUsers" name="test_update_worker" time="0.054" /><testcase classname="backend.tests.backend_test.TestUsers" name="test_worker_forbidden_on_users_list" time="0.050" /><testcase classname="backend.tests.backend_test.TestUsers" name="test_worker_forbidden_on_user_create" time="0.054" /><testcase classname="backend.tests.backend_test.TestWorkOrders" name="test_admin_can_create_order" time="0.049" /><testcase classname="backend.tests.backend_test.TestWorkOrders" name="test_worker_sees_only_assigned" time="0.049" /><testcase classname="backend.tests.backend_test.TestWorkOrders" name="test_worker_forbidden_to_create_order" time="0.047" /><testcase classname="backend.tests.backend_test.TestEvents" name="test_start_event" time="0.111" /><testcase classname="backend.tests.backend_test.TestEvents" name="test_pause_event_has_ai_interpretation" time="0.813" /><testcase classname="backend.tests.backend_test.TestEvents" name="test_resume_event" time="0.100" /><testcase classname="backend.tests.backend_test.TestEvents" name="test_complete_event" time="0.094" /><testcase classname="backend.tests.backend_test.TestEvents" name="test_list_events_ordered" time="0.048" /><testcase classname="backend.tests.backend_test.TestLiveAndReports" name="test_live_status_contains_worker" time="0.169" /><testcase classname="backend.tests.backend_test.TestLiveAndReports" name="test_workers_forbidden_from_live_status" time="0.051" /><testcase classname="backend.tests.backend_test.TestLiveAndReports" name="test_daily_report_ai" time="10.535" /><testcase classname="backend.tests.backend_test.TestLiveAndReports" name="test_recent_events" time="0.051" /><testcase classname="backend.tests.backend_test.TestZCleanup" name="test_cleanup_orders_and_worker" time="0.150" /></testsuite></testsuites>