<?xml version="1.0" encoding="utf-8"?><testsuites name="pytest tests"><testsuite name="pytest" errors="0" failures="1" skipped="0" tests="16" time="12.111" timestamp="2026-07-05T10:51:05.929398+00:00" hostname="agent-env-b4725f63-b087-4ce0-93f8-06ee85ff00fc"><testcase classname="backend.tests.test_voice_ai.TestVisionPlate" name="test_plate_ocr_non_plate_image_does_not_500" time="1.562"><failure message="AssertionError: expected 200, got 500: {&quot;detail&quot;:&quot;OCR fallito: Failed to generate chat completion: litellm.BadRequestError: OpenAIException - litellm.BadRequestError: AnthropicException - {\&quot;type\&quot;:\&quot;error\&quot;,\&quot;error\&quot;:{\&quot;type\&quot;:\&quot;invalid_request_error\&quot;,\&quot;message\&quot;:\&quot;Could not process image\&quot;},\&quot;request_id\&quot;:\&quot;req_011CcinMNRWkomctopADs5rH\&quot;}. Received Model Group=claude-sonnet-4-5-20250929\nAvailable Model Group Fallbacks=None&quot;}&#10;assert 500 == 200&#10; +  where 500 = &lt;Response [500]&gt;.status_code">backend/tests/test_voice_ai.py:97: in test_plate_ocr_non_plate_image_does_not_500
    assert r.status_code == 200, f"expected 200, got {r.status_code}: {r.text}"
E   AssertionError: expected 200, got 500: {"detail":"OCR fallito: Failed to generate chat completion: litellm.BadRequestError: OpenAIException - litellm.BadRequestError: AnthropicException - {\"type\":\"error\",\"error\":{\"type\":\"invalid_request_error\",\"message\":\"Could not process image\"},\"request_id\":\"req_011CcinMNRWkomctopADs5rH\"}. Received Model Group=claude-sonnet-4-5-20250929\nAvailable Model Group Fallbacks=None"}
E   assert 500 == 200
E    +  where 500 = &lt;Response [500]&gt;.status_code</failure></testcase><testcase classname="backend.tests.test_voice_ai.TestVisionPlate" name="test_plate_ocr_requires_auth" time="0.166" /><testcase classname="backend.tests.test_voice_ai.TestAudioTranscribe" name="test_transcribe_accepts_multipart" time="1.366" /><testcase classname="backend.tests.test_voice_ai.TestAudioTranscribe" name="test_transcribe_requires_auth" time="0.130" /><testcase classname="backend.tests.test_voice_ai.TestVoiceTurn" name="test_first_turn_populates_scheda" time="3.669" /><testcase classname="backend.tests.test_voice_ai.TestVoiceTurn" name="test_second_turn_merges_not_overwrites" time="2.880" /><testcase classname="backend.tests.test_voice_ai.TestVoiceTurn" name="test_get_conversation_returns_turns_and_scheda" time="0.096" /><testcase classname="backend.tests.test_voice_ai.TestVoiceTurn" name="test_other_worker_cannot_post_voice_turn" time="0.758" /><testcase classname="backend.tests.test_voice_ai.TestVoiceTurn" name="test_other_worker_cannot_get_conversation" time="0.156" /><testcase classname="backend.tests.test_voice_ai.TestVoiceTurn" name="test_empty_text_400" time="0.093" /><testcase classname="backend.tests.test_voice_ai.TestVoiceTurn" name="test_voice_turn_nonexistent_order_404" time="0.094" /><testcase classname="backend.tests.test_voice_ai.TestRegression" name="test_login_admin" time="0.316" /><testcase classname="backend.tests.test_voice_ai.TestRegression" name="test_users_list" time="0.093" /><testcase classname="backend.tests.test_voice_ai.TestRegression" name="test_work_orders_list" time="0.102" /><testcase classname="backend.tests.test_voice_ai.TestRegression" name="test_live_status" time="0.097" /><testcase classname="backend.tests.test_voice_ai.TestRegression" name="test_recent_events" time="0.420" /></testsuite></testsuites>