<?xml version="1.0" encoding="utf-8"?><testsuites name="pytest tests"><testsuite name="pytest" errors="0" failures="3" skipped="0" tests="46" time="12.735" timestamp="2026-07-05T13:22:31.282260+00:00" hostname="agent-env-b4725f63-b087-4ce0-93f8-06ee85ff00fc"><testcase classname="backend.tests.backend_test.TestAuth" name="test_login_success" time="0.410" /><testcase classname="backend.tests.backend_test.TestAuth" name="test_login_invalid" time="0.268" /><testcase classname="backend.tests.backend_test.TestAuth" name="test_me_with_valid_token" time="0.330" /><testcase classname="backend.tests.backend_test.TestAuth" name="test_me_without_token" time="0.045" /><testcase classname="backend.tests.backend_test.TestUsers" name="test_admin_can_create_worker" time="0.269" /><testcase classname="backend.tests.backend_test.TestUsers" name="test_worker_login" time="0.272" /><testcase classname="backend.tests.backend_test.TestUsers" name="test_list_users_persists_worker" time="0.045" /><testcase classname="backend.tests.backend_test.TestUsers" name="test_update_worker" time="0.049" /><testcase classname="backend.tests.backend_test.TestUsers" name="test_worker_forbidden_on_users_list" time="0.047" /><testcase classname="backend.tests.backend_test.TestUsers" name="test_worker_forbidden_on_user_create" time="0.047" /><testcase classname="backend.tests.backend_test.TestWorkOrders" name="test_admin_can_create_order" time="0.048" /><testcase classname="backend.tests.backend_test.TestWorkOrders" name="test_worker_sees_only_assigned" time="0.047" /><testcase classname="backend.tests.backend_test.TestWorkOrders" name="test_worker_forbidden_to_create_order" time="0.047" /><testcase classname="backend.tests.backend_test.TestEvents" name="test_start_event" time="0.095" /><testcase classname="backend.tests.backend_test.TestEvents" name="test_pause_event_has_ai_interpretation" time="0.824" /><testcase classname="backend.tests.backend_test.TestEvents" name="test_resume_event" time="0.096" /><testcase classname="backend.tests.backend_test.TestEvents" name="test_complete_event" time="0.097" /><testcase classname="backend.tests.backend_test.TestEvents" name="test_list_events_ordered" time="0.044" /><testcase classname="backend.tests.backend_test.TestLiveAndReports" name="test_live_status_contains_worker" time="0.147" /><testcase classname="backend.tests.backend_test.TestLiveAndReports" name="test_workers_forbidden_from_live_status" time="0.046" /><testcase classname="backend.tests.backend_test.TestLiveAndReports" name="test_daily_report_ai" time="0.280" /><testcase classname="backend.tests.backend_test.TestLiveAndReports" name="test_recent_events" time="0.048" /><testcase classname="backend.tests.backend_test.TestZCleanup" name="test_cleanup_orders_and_worker" time="0.134" /><testcase classname="backend.tests.test_reports.TestReportSchema" name="test_daily_report_default_returns_new_schema" time="0.635" /><testcase classname="backend.tests.test_reports.TestReportSchema" name="test_worker_role_forbidden" time="1.227" /><testcase classname="backend.tests.test_reports.TestReportDate" name="test_past_date_no_events_returns_empty" time="0.045" /><testcase classname="backend.tests.test_reports.TestReportDate" name="test_bad_date_returns_400" time="0.043" /><testcase classname="backend.tests.test_reports.TestReportWorkerFilter" name="test_empty_worker_ids_means_all" time="0.282" /><testcase classname="backend.tests.test_reports.TestReportWorkerFilter" name="test_filter_by_specific_worker" time="0.322" /><testcase classname="backend.tests.test_reports.TestReportMinutes" name="test_minutes_worked_across_pause_resume" time="0.784" /><testcase classname="backend.tests.test_voice_ai.TestVisionPlate" name="test_plate_ocr_non_plate_image_does_not_500" time="1.508" /><testcase classname="backend.tests.test_voice_ai.TestVisionPlate" name="test_plate_ocr_requires_auth" time="0.109" /><testcase classname="backend.tests.test_voice_ai.TestAudioTranscribe" name="test_transcribe_accepts_multipart" time="0.509" /><testcase classname="backend.tests.test_voice_ai.TestAudioTranscribe" name="test_transcribe_requires_auth" time="0.136" /><testcase classname="backend.tests.test_voice_ai.TestVoiceTurn" name="test_first_turn_populates_scheda" time="0.473"><failure message="AssertionError: {&quot;detail&quot;:&quot;AI fallita: API error occurred: Status 429. Body: {\&quot;object\&quot;:\&quot;error\&quot;,\&quot;message\&quot;:\&quot;Rate limit exceeded\&quot;,\&quot;type\&quot;:\&quot;rate_limited\&quot;,\&quot;param\&quot;:null,\&quot;code\&quot;:\&quot;1300\&quot;,\&quot;raw_status_code\&quot;:429}&quot;}&#10;assert 429 == 200&#10; +  where 429 = &lt;Response [429]&gt;.status_code">backend/tests/test_voice_ai.py:143: in test_first_turn_populates_scheda
    assert r.status_code == 200, r.text
E   AssertionError: {"detail":"AI fallita: API error occurred: Status 429. Body: {\"object\":\"error\",\"message\":\"Rate limit exceeded\",\"type\":\"rate_limited\",\"param\":null,\"code\":\"1300\",\"raw_status_code\":429}"}
E   assert 429 == 200
E    +  where 429 = &lt;Response [429]&gt;.status_code</failure></testcase><testcase classname="backend.tests.test_voice_ai.TestVoiceTurn" name="test_second_turn_merges_not_overwrites" time="0.375"><failure message="AssertionError: {&quot;detail&quot;:&quot;AI fallita: API error occurred: Status 429. Body: {\&quot;object\&quot;:\&quot;error\&quot;,\&quot;message\&quot;:\&quot;Rate limit exceeded\&quot;,\&quot;type\&quot;:\&quot;rate_limited\&quot;,\&quot;param\&quot;:null,\&quot;code\&quot;:\&quot;1300\&quot;,\&quot;raw_status_code\&quot;:429}&quot;}&#10;assert 429 == 200&#10; +  where 429 = &lt;Response [429]&gt;.status_code">backend/tests/test_voice_ai.py:164: in test_second_turn_merges_not_overwrites
    assert r.status_code == 200, r.text
E   AssertionError: {"detail":"AI fallita: API error occurred: Status 429. Body: {\"object\":\"error\",\"message\":\"Rate limit exceeded\",\"type\":\"rate_limited\",\"param\":null,\"code\":\"1300\",\"raw_status_code\":429}"}
E   assert 429 == 200
E    +  where 429 = &lt;Response [429]&gt;.status_code</failure></testcase><testcase classname="backend.tests.test_voice_ai.TestVoiceTurn" name="test_get_conversation_returns_turns_and_scheda" time="0.109"><failure message="AssertionError: expected &gt;=4 turns, got 0&#10;assert 0 &gt;= 4&#10; +  where 0 = len([])">backend/tests/test_voice_ai.py:183: in test_get_conversation_returns_turns_and_scheda
    assert len(data["turns"]) &gt;= 4, f"expected &gt;=4 turns, got {len(data['turns'])}"
E   AssertionError: expected &gt;=4 turns, got 0
E   assert 0 &gt;= 4
E    +  where 0 = len([])</failure></testcase><testcase classname="backend.tests.test_voice_ai.TestVoiceTurn" name="test_other_worker_cannot_post_voice_turn" time="0.734" /><testcase classname="backend.tests.test_voice_ai.TestVoiceTurn" name="test_other_worker_cannot_get_conversation" time="0.109" /><testcase classname="backend.tests.test_voice_ai.TestVoiceTurn" name="test_empty_text_400" time="0.171" /><testcase classname="backend.tests.test_voice_ai.TestVoiceTurn" name="test_voice_turn_nonexistent_order_404" time="0.122" /><testcase classname="backend.tests.test_voice_ai.TestRegression" name="test_login_admin" time="0.316" /><testcase classname="backend.tests.test_voice_ai.TestRegression" name="test_users_list" time="0.102" /><testcase classname="backend.tests.test_voice_ai.TestRegression" name="test_work_orders_list" time="0.104" /><testcase classname="backend.tests.test_voice_ai.TestRegression" name="test_live_status" time="0.109" /><testcase classname="backend.tests.test_voice_ai.TestRegression" name="test_recent_events" time="0.527" /></testsuite></testsuites>